0 info it worked if it ends with ok
1 verbose cli [ '/home/ubuntu/.nvm/versions/node/v4.2.4/bin/node',
1 verbose cli   '/home/ubuntu/.nvm/versions/node/v4.2.4/bin/npm',
1 verbose cli   'start',
1 verbose cli   'index.ejs' ]
2 info using npm@2.14.12
3 info using node@v4.2.4
4 verbose stack Error: ENOENT: no such file or directory, open '/home/ubuntu/workspace/FlapperNews/package.json'
4 verbose stack     at Error (native)
5 verbose cwd /home/ubuntu/workspace/FlapperNews
6 error Linux 4.2.0-c9
7 error argv "/home/ubuntu/.nvm/versions/node/v4.2.4/bin/node" "/home/ubuntu/.nvm/versions/node/v4.2.4/bin/npm" "start" "index.ejs"
8 error node v4.2.4
9 error npm  v2.14.12
10 error path /home/ubuntu/workspace/FlapperNews/package.json
11 error code ENOENT
12 error errno -2
13 error syscall open
14 error enoent ENOENT: no such file or directory, open '/home/ubuntu/workspace/FlapperNews/package.json'
14 error enoent This is most likely not a problem with npm itself
14 error enoent and is related to npm not being able to find a file.
15 verbose exit [ -2, true ]
